#! /usr/bin/vvp
:ivl_version "12.0 (stable)";
:ivl_delay_selection "TYPICAL";
:vpi_time_precision - 12;
:vpi_module "/usr/lib/x86_64-linux-gnu/ivl/system.vpi";
:vpi_module "/usr/lib/x86_64-linux-gnu/ivl/vhdl_sys.vpi";
:vpi_module "/usr/lib/x86_64-linux-gnu/ivl/vhdl_textio.vpi";
:vpi_module "/usr/lib/x86_64-linux-gnu/ivl/v2005_math.vpi";
:vpi_module "/usr/lib/x86_64-linux-gnu/ivl/va_math.vpi";
S_0x606076fbff30 .scope module, "d_flip_flop_tb" "d_flip_flop_tb" 2 3;
 .timescale -9 -12;
v0x606076fe1420_0 .var "clk", 0 0;
v0x606076fe14e0_0 .var "d", 0 0;
v0x606076fe1580_0 .var/i "fail_count", 31 0;
v0x606076fe1620_0 .var/i "pass_count", 31 0;
v0x606076fe16e0_0 .net "q", 0 0, v0x606076fb4b60_0;  1 drivers
v0x606076fe17d0_0 .net "q_bar", 0 0, L_0x606076fb06f0;  1 drivers
v0x606076fe18a0_0 .var "rst", 0 0;
S_0x606076fc00c0 .scope task, "check_outputs" "check_outputs" 2 26, 2 26 0, S_0x606076fbff30;
 .timescale -9 -12;
v0x606076fb0890_0 .var "exp_q", 0 0;
v0x606076fb1b90_0 .var "exp_q_bar", 0 0;
v0x606076fb2800_0 .var "test_name", 255 0;
TD_d_flip_flop_tb.check_outputs ;
    %load/vec4 v0x606076fe16e0_0;
    %load/vec4 v0x606076fb0890_0;
    %cmp/ne;
    %jmp/1 T_0.2, 6;
    %flag_mov 8, 6;
    %load/vec4 v0x606076fe17d0_0;
    %load/vec4 v0x606076fb1b90_0;
    %cmp/ne;
    %flag_or 6, 8;
T_0.2;
    %jmp/0xz  T_0.0, 6;
    %load/vec4 v0x606076fe1580_0;
    %addi 1, 0, 32;
    %store/vec4 v0x606076fe1580_0, 0, 32;
    %vpi_call 2 33 "$display", "FAIL | t=%0t | %0s | exp(q,q_bar)=(%b,%b) got=(%b,%b)", $time, v0x606076fb2800_0, v0x606076fb0890_0, v0x606076fb1b90_0, v0x606076fe16e0_0, v0x606076fe17d0_0 {0 0 0};
    %jmp T_0.1;
T_0.0 ;
    %load/vec4 v0x606076fe1620_0;
    %addi 1, 0, 32;
    %store/vec4 v0x606076fe1620_0, 0, 32;
    %vpi_call 2 37 "$display", "PASS | t=%0t | %0s | q=%b q_bar=%b", $time, v0x606076fb2800_0, v0x606076fe16e0_0, v0x606076fe17d0_0 {0 0 0};
T_0.1 ;
    %end;
S_0x606076fe0fd0 .scope module, "uut" "d_flip_flop" 2 15, 3 2 0, S_0x606076fbff30;
 .timescale 0 0;
    .port_info 0 /INPUT 1 "clk";
    .port_info 1 /INPUT 1 "rst";
    .port_info 2 /INPUT 1 "d";
    .port_info 3 /OUTPUT 1 "q";
    .port_info 4 /OUTPUT 1 "q_bar";
L_0x606076fb06f0 .functor NOT 1, v0x606076fb4b60_0, C4<0>, C4<0>, C4<0>;
v0x606076fb3300_0 .net "clk", 0 0, v0x606076fe1420_0;  1 drivers
v0x606076fb3f60_0 .net "d", 0 0, v0x606076fe14e0_0;  1 drivers
v0x606076fb4b60_0 .var "q", 0 0;
v0x606076fb5700_0 .net "q_bar", 0 0, L_0x606076fb06f0;  alias, 1 drivers
v0x606076fe1270_0 .net "rst", 0 0, v0x606076fe18a0_0;  1 drivers
E_0x606076f87060 .event posedge, v0x606076fb3300_0;
    .scope S_0x606076fe0fd0;
T_1 ;
    %wait E_0x606076f87060;
    %load/vec4 v0x606076fe1270_0;
    %flag_set/vec4 8;
    %jmp/0xz  T_1.0, 8;
    %pushi/vec4 0, 0, 1;
    %assign/vec4 v0x606076fb4b60_0, 0;
    %jmp T_1.1;
T_1.0 ;
    %load/vec4 v0x606076fb3f60_0;
    %assign/vec4 v0x606076fb4b60_0, 0;
T_1.1 ;
    %jmp T_1;
    .thread T_1;
    .scope S_0x606076fbff30;
T_2 ;
    %delay 5000, 0;
    %load/vec4 v0x606076fe1420_0;
    %inv;
    %store/vec4 v0x606076fe1420_0, 0, 1;
    %jmp T_2;
    .thread T_2;
    .scope S_0x606076fbff30;
T_3 ;
    %vpi_call 2 44 "$dumpfile", "d_flip_flop_waves.vcd" {0 0 0};
    %vpi_call 2 45 "$dumpvars", 32'sb00000000000000000000000000000000, S_0x606076fbff30 {0 0 0};
    %pushi/vec4 0, 0, 1;
    %store/vec4 v0x606076fe1420_0, 0, 1;
    %pushi/vec4 1, 0, 1;
    %store/vec4 v0x606076fe18a0_0, 0, 1;
    %pushi/vec4 0, 0, 1;
    %store/vec4 v0x606076fe14e0_0, 0, 1;
    %pushi/vec4 0, 0, 32;
    %store/vec4 v0x606076fe1620_0, 0, 32;
    %pushi/vec4 0, 0, 32;
    %store/vec4 v0x606076fe1580_0, 0, 32;
    %pushi/vec4 2, 0, 32;
T_3.0 %dup/vec4;
    %pushi/vec4 0, 0, 32;
    %cmp/s;
    %jmp/1xz T_3.1, 5;
    %jmp/1 T_3.1, 4;
    %pushi/vec4 1, 0, 32;
    %sub;
    %wait E_0x606076f87060;
    %jmp T_3.0;
T_3.1 ;
    %pop/vec4 1;
    %delay 1000, 0;
    %pushi/vec4 0, 0, 1;
    %store/vec4 v0x606076fb0890_0, 0, 1;
    %pushi/vec4 1, 0, 1;
    %store/vec4 v0x606076fb1b90_0, 0, 1;
    %pushi/vec4 0, 0, 32; draw_string_vec4
    %pushi/vec4 0, 0, 32; draw_string_vec4
    %concat/vec4; draw_string_vec4
    %pushi/vec4 0, 0, 32; draw_string_vec4
    %concat/vec4; draw_string_vec4
    %pushi/vec4 0, 0, 32; draw_string_vec4
    %concat/vec4; draw_string_vec4
    %pushi/vec4 0, 0, 32; draw_string_vec4
    %concat/vec4; draw_string_vec4
    %pushi/vec4 29285, 0, 32; draw_string_vec4
    %concat/vec4; draw_string_vec4
    %pushi/vec4 1936028704, 0, 32; draw_string_vec4
    %concat/vec4; draw_string_vec4
    %pushi/vec4 1752132708, 0, 32; draw_string_vec4
    %concat/vec4; draw_string_vec4
    %store/vec4 v0x606076fb2800_0, 0, 256;
    %fork TD_d_flip_flop_tb.check_outputs, S_0x606076fc00c0;
    %join;
    %pushi/vec4 0, 0, 1;
    %store/vec4 v0x606076fe18a0_0, 0, 1;
    %pushi/vec4 0, 0, 1;
    %store/vec4 v0x606076fe14e0_0, 0, 1;
    %wait E_0x606076f87060;
    %delay 1000, 0;
    %pushi/vec4 0, 0, 1;
    %store/vec4 v0x606076fb0890_0, 0, 1;
    %pushi/vec4 1, 0, 1;
    %store/vec4 v0x606076fb1b90_0, 0, 1;
    %pushi/vec4 0, 0, 32; draw_string_vec4
    %pushi/vec4 0, 0, 32; draw_string_vec4
    %concat/vec4; draw_string_vec4
    %pushi/vec4 0, 0, 32; draw_string_vec4
    %concat/vec4; draw_string_vec4
    %pushi/vec4 0, 0, 32; draw_string_vec4
    %concat/vec4; draw_string_vec4
    %pushi/vec4 0, 0, 32; draw_string_vec4
    %concat/vec4; draw_string_vec4
    %pushi/vec4 6569264, 0, 32; draw_string_vec4
    %concat/vec4; draw_string_vec4
    %pushi/vec4 543383920, 0, 32; draw_string_vec4
    %concat/vec4; draw_string_vec4
    %pushi/vec4 1953854053, 0, 32; draw_string_vec4
    %concat/vec4; draw_string_vec4
    %store/vec4 v0x606076fb2800_0, 0, 256;
    %fork TD_d_flip_flop_tb.check_outputs, S_0x606076fc00c0;
    %join;
    %pushi/vec4 1, 0, 1;
    %store/vec4 v0x606076fe14e0_0, 0, 1;
    %wait E_0x606076f87060;
    %delay 1000, 0;
    %pushi/vec4 1, 0, 1;
    %store/vec4 v0x606076fb0890_0, 0, 1;
    %pushi/vec4 0, 0, 1;
    %store/vec4 v0x606076fb1b90_0, 0, 1;
    %pushi/vec4 0, 0, 32; draw_string_vec4
    %pushi/vec4 0, 0, 32; draw_string_vec4
    %concat/vec4; draw_string_vec4
    %pushi/vec4 0, 0, 32; draw_string_vec4
    %concat/vec4; draw_string_vec4
    %pushi/vec4 0, 0, 32; draw_string_vec4
    %concat/vec4; draw_string_vec4
    %pushi/vec4 0, 0, 32; draw_string_vec4
    %concat/vec4; draw_string_vec4
    %pushi/vec4 6569265, 0, 32; draw_string_vec4
    %concat/vec4; draw_string_vec4
    %pushi/vec4 543383920, 0, 32; draw_string_vec4
    %concat/vec4; draw_string_vec4
    %pushi/vec4 1953854053, 0, 32; draw_string_vec4
    %concat/vec4; draw_string_vec4
    %store/vec4 v0x606076fb2800_0, 0, 256;
    %fork TD_d_flip_flop_tb.check_outputs, S_0x606076fc00c0;
    %join;
    %pushi/vec4 0, 0, 1;
    %store/vec4 v0x606076fe14e0_0, 0, 1;
    %wait E_0x606076f87060;
    %delay 1000, 0;
    %pushi/vec4 0, 0, 1;
    %store/vec4 v0x606076fb0890_0, 0, 1;
    %pushi/vec4 1, 0, 1;
    %store/vec4 v0x606076fb1b90_0, 0, 1;
    %pushi/vec4 0, 0, 32; draw_string_vec4
    %pushi/vec4 0, 0, 32; draw_string_vec4
    %concat/vec4; draw_string_vec4
    %pushi/vec4 0, 0, 32; draw_string_vec4
    %concat/vec4; draw_string_vec4
    %pushi/vec4 0, 0, 32; draw_string_vec4
    %concat/vec4; draw_string_vec4
    %pushi/vec4 25632, 0, 32; draw_string_vec4
    %concat/vec4; draw_string_vec4
    %pushi/vec4 1953458023, 0, 32; draw_string_vec4
    %concat/vec4; draw_string_vec4
    %pushi/vec4 1818587936, 0, 32; draw_string_vec4
    %concat/vec4; draw_string_vec4
    %pushi/vec4 1953439792, 0, 32; draw_string_vec4
    %concat/vec4; draw_string_vec4
    %store/vec4 v0x606076fb2800_0, 0, 256;
    %fork TD_d_flip_flop_tb.check_outputs, S_0x606076fc00c0;
    %join;
    %pushi/vec4 1, 0, 1;
    %store/vec4 v0x606076fe14e0_0, 0, 1;
    %wait E_0x606076f87060;
    %delay 1000, 0;
    %pushi/vec4 1, 0, 1;
    %store/vec4 v0x606076fb0890_0, 0, 1;
    %pushi/vec4 0, 0, 1;
    %store/vec4 v0x606076fb1b90_0, 0, 1;
    %pushi/vec4 0, 0, 32; draw_string_vec4
    %pushi/vec4 0, 0, 32; draw_string_vec4
    %concat/vec4; draw_string_vec4
    %pushi/vec4 0, 0, 32; draw_string_vec4
    %concat/vec4; draw_string_vec4
    %pushi/vec4 0, 0, 32; draw_string_vec4
    %concat/vec4; draw_string_vec4
    %pushi/vec4 25632, 0, 32; draw_string_vec4
    %concat/vec4; draw_string_vec4
    %pushi/vec4 1953458023, 0, 32; draw_string_vec4
    %concat/vec4; draw_string_vec4
    %pushi/vec4 1818587936, 0, 32; draw_string_vec4
    %concat/vec4; draw_string_vec4
    %pushi/vec4 1953439793, 0, 32; draw_string_vec4
    %concat/vec4; draw_string_vec4
    %store/vec4 v0x606076fb2800_0, 0, 256;
    %fork TD_d_flip_flop_tb.check_outputs, S_0x606076fc00c0;
    %join;
    %pushi/vec4 1, 0, 1;
    %store/vec4 v0x606076fe18a0_0, 0, 1;
    %pushi/vec4 1, 0, 1;
    %store/vec4 v0x606076fe14e0_0, 0, 1;
    %wait E_0x606076f87060;
    %delay 1000, 0;
    %pushi/vec4 0, 0, 1;
    %store/vec4 v0x606076fb0890_0, 0, 1;
    %pushi/vec4 1, 0, 1;
    %store/vec4 v0x606076fb1b90_0, 0, 1;
    %pushi/vec4 0, 0, 32; draw_string_vec4
    %pushi/vec4 0, 0, 32; draw_string_vec4
    %concat/vec4; draw_string_vec4
    %pushi/vec4 114, 0, 32; draw_string_vec4
    %concat/vec4; draw_string_vec4
    %pushi/vec4 1702061428, 0, 32; draw_string_vec4
    %concat/vec4; draw_string_vec4
    %pushi/vec4 543257459, 0, 32; draw_string_vec4
    %concat/vec4; draw_string_vec4
    %pushi/vec4 1701999717, 0, 32; draw_string_vec4
    %concat/vec4; draw_string_vec4
    %pushi/vec4 1679845742, 0, 32; draw_string_vec4
    %concat/vec4; draw_string_vec4
    %pushi/vec4 544372078, 0, 32; draw_string_vec4
    %concat/vec4; draw_string_vec4
    %store/vec4 v0x606076fb2800_0, 0, 256;
    %fork TD_d_flip_flop_tb.check_outputs, S_0x606076fc00c0;
    %join;
    %pushi/vec4 0, 0, 1;
    %store/vec4 v0x606076fe18a0_0, 0, 1;
    %pushi/vec4 1, 0, 1;
    %store/vec4 v0x606076fe14e0_0, 0, 1;
    %wait E_0x606076f87060;
    %delay 1000, 0;
    %pushi/vec4 1, 0, 1;
    %store/vec4 v0x606076fb0890_0, 0, 1;
    %pushi/vec4 0, 0, 1;
    %store/vec4 v0x606076fb1b90_0, 0, 1;
    %pushi/vec4 0, 0, 32; draw_string_vec4
    %pushi/vec4 0, 0, 32; draw_string_vec4
    %concat/vec4; draw_string_vec4
    %pushi/vec4 0, 0, 32; draw_string_vec4
    %concat/vec4; draw_string_vec4
    %pushi/vec4 28783, 0, 32; draw_string_vec4
    %concat/vec4; draw_string_vec4
    %pushi/vec4 1936993650, 0, 32; draw_string_vec4
    %concat/vec4; draw_string_vec4
    %pushi/vec4 1702061428, 0, 32; draw_string_vec4
    %concat/vec4; draw_string_vec4
    %pushi/vec4 543383920, 0, 32; draw_string_vec4
    %concat/vec4; draw_string_vec4
    %pushi/vec4 1953854053, 0, 32; draw_string_vec4
    %concat/vec4; draw_string_vec4
    %store/vec4 v0x606076fb2800_0, 0, 256;
    %fork TD_d_flip_flop_tb.check_outputs, S_0x606076fc00c0;
    %join;
    %vpi_call 2 96 "$display", "SUMMARY | PASS=%0d FAIL=%0d", v0x606076fe1620_0, v0x606076fe1580_0 {0 0 0};
    %vpi_call 2 97 "$finish" {0 0 0};
    %end;
    .thread T_3;
# The file index is used to find the file name in the following table.
:file_names 4;
    "N/A";
    "<interactive>";
    "d_flip_flop_tb.v";
    "d_flip_flop.v";
