#! /usr/bin/vvp
:ivl_version "12.0 (stable)";
:ivl_delay_selection "TYPICAL";
:vpi_time_precision - 12;
:vpi_module "/usr/lib/x86_64-linux-gnu/ivl/system.vpi";
:vpi_module "/usr/lib/x86_64-linux-gnu/ivl/vhdl_sys.vpi";
:vpi_module "/usr/lib/x86_64-linux-gnu/ivl/vhdl_textio.vpi";
:vpi_module "/usr/lib/x86_64-linux-gnu/ivl/v2005_math.vpi";
:vpi_module "/usr/lib/x86_64-linux-gnu/ivl/va_math.vpi";
:vpi_module "/usr/lib/x86_64-linux-gnu/ivl/v2009.vpi";
S_0x59991cd3f060 .scope package, "$unit" "$unit" 2 1;
 .timescale 0 0;
S_0x59991cd6d940 .scope module, "alu_4bit_tb" "alu_4bit_tb" 3 3;
 .timescale -9 -12;
v0x59991cd8ed90_0 .var "a", 3 0;
v0x59991cd8ee70_0 .var "b", 3 0;
v0x59991cd8ef40_0 .net "carry", 0 0, v0x59991cd8dae0_0;  1 drivers
v0x59991cd8f040_0 .var "cin", 0 0;
v0x59991cd8f110_0 .var "expected", 4 0;
v0x59991cd8f200_0 .var/i "failed_tests", 31 0;
v0x59991cd8f2a0_0 .var/i "i", 31 0;
v0x59991cd8f380_0 .var/i "passed_tests", 31 0;
v0x59991cd8f460_0 .net "result", 3 0, v0x59991cd8dc40_0;  1 drivers
v0x59991cd8f520_0 .var "select", 3 0;
v0x59991cd8f5f0_0 .var/i "total_tests", 31 0;
v0x59991cd8f6b0 .array "vec_a", 5 0, 3 0;
v0x59991cd8f770 .array "vec_b", 5 0, 3 0;
S_0x59991cd47d80 .scope module, "dut" "alu_4bit" 3 21, 4 1 0, S_0x59991cd6d940;
 .timescale 0 0;
    .port_info 0 /INPUT 4 "a";
    .port_info 1 /INPUT 4 "b";
    .port_info 2 /INPUT 4 "select";
    .port_info 3 /INPUT 1 "cin";
    .port_info 4 /OUTPUT 4 "result";
    .port_info 5 /OUTPUT 1 "carry";
v0x59991cd48030_0 .net "a", 3 0, v0x59991cd8ed90_0;  1 drivers
v0x59991cd8da00_0 .net "b", 3 0, v0x59991cd8ee70_0;  1 drivers
v0x59991cd8dae0_0 .var "carry", 0 0;
v0x59991cd8db80_0 .net "cin", 0 0, v0x59991cd8f040_0;  1 drivers
v0x59991cd8dc40_0 .var "result", 3 0;
v0x59991cd8dd70_0 .net "select", 3 0, v0x59991cd8f520_0;  1 drivers
v0x59991cd8de50_0 .var "temp", 4 0;
E_0x59991cd427b0/0 .event anyedge, v0x59991cd8dd70_0, v0x59991cd48030_0, v0x59991cd8db80_0, v0x59991cd8da00_0;
E_0x59991cd427b0/1 .event anyedge, v0x59991cd8de50_0;
E_0x59991cd427b0 .event/or E_0x59991cd427b0/0, E_0x59991cd427b0/1;
S_0x59991cd8dff0 .scope function.vec4.s5, "expected_from_table" "expected_from_table" 3 120, 3 120 0, S_0x59991cd6d940;
 .timescale -9 -12;
; Variable expected_from_table is vec4 return value of scope S_0x59991cd8dff0
v0x59991cd8e2d0_0 .var "in_a", 3 0;
v0x59991cd8e3b0_0 .var "in_b", 3 0;
v0x59991cd8e470_0 .var "in_cin", 0 0;
v0x59991cd8e530_0 .var "sel", 3 0;
v0x59991cd8e660_0 .var "temp", 4 0;
TD_alu_4bit_tb.expected_from_table ;
    %pushi/vec4 0, 0, 5;
    %store/vec4 v0x59991cd8e660_0, 0, 5;
    %load/vec4 v0x59991cd8e530_0;
    %parti/s 2, 2, 3;
    %dup/vec4;
    %pushi/vec4 0, 0, 2;
    %cmp/u;
    %jmp/1 T_0.0, 6;
    %dup/vec4;
    %pushi/vec4 1, 0, 2;
    %cmp/u;
    %jmp/1 T_0.1, 6;
    %dup/vec4;
    %pushi/vec4 2, 0, 2;
    %cmp/u;
    %jmp/1 T_0.2, 6;
    %dup/vec4;
    %pushi/vec4 3, 0, 2;
    %cmp/u;
    %jmp/1 T_0.3, 6;
    %jmp T_0.4;
T_0.0 ;
    %load/vec4 v0x59991cd8e530_0;
    %parti/s 2, 0, 2;
    %dup/vec4;
    %pushi/vec4 0, 0, 2;
    %cmp/u;
    %jmp/1 T_0.5, 6;
    %dup/vec4;
    %pushi/vec4 1, 0, 2;
    %cmp/u;
    %jmp/1 T_0.6, 6;
    %dup/vec4;
    %pushi/vec4 2, 0, 2;
    %cmp/u;
    %jmp/1 T_0.7, 6;
    %dup/vec4;
    %pushi/vec4 3, 0, 2;
    %cmp/u;
    %jmp/1 T_0.8, 6;
    %jmp T_0.9;
T_0.5 ;
    %pushi/vec4 0, 0, 1;
    %load/vec4 v0x59991cd8e2d0_0;
    %concat/vec4; draw_concat_vec4
    %load/vec4 v0x59991cd8e470_0;
    %pad/u 5;
    %add;
    %store/vec4 v0x59991cd8e660_0, 0, 5;
    %jmp T_0.9;
T_0.6 ;
    %pushi/vec4 0, 0, 1;
    %load/vec4 v0x59991cd8e2d0_0;
    %concat/vec4; draw_concat_vec4
    %pushi/vec4 0, 0, 1;
    %load/vec4 v0x59991cd8e3b0_0;
    %concat/vec4; draw_concat_vec4
    %add;
    %load/vec4 v0x59991cd8e470_0;
    %pad/u 5;
    %add;
    %store/vec4 v0x59991cd8e660_0, 0, 5;
    %jmp T_0.9;
T_0.7 ;
    %pushi/vec4 0, 0, 1;
    %load/vec4 v0x59991cd8e2d0_0;
    %concat/vec4; draw_concat_vec4
    %pushi/vec4 0, 0, 1;
    %load/vec4 v0x59991cd8e3b0_0;
    %inv;
    %concat/vec4; draw_concat_vec4
    %add;
    %load/vec4 v0x59991cd8e470_0;
    %pad/u 5;
    %add;
    %store/vec4 v0x59991cd8e660_0, 0, 5;
    %jmp T_0.9;
T_0.8 ;
    %pushi/vec4 0, 0, 1;
    %load/vec4 v0x59991cd8e2d0_0;
    %concat/vec4; draw_concat_vec4
    %addi 15, 0, 5;
    %load/vec4 v0x59991cd8e470_0;
    %pad/u 5;
    %add;
    %store/vec4 v0x59991cd8e660_0, 0, 5;
    %jmp T_0.9;
T_0.9 ;
    %pop/vec4 1;
    %jmp T_0.4;
T_0.1 ;
    %load/vec4 v0x59991cd8e530_0;
    %parti/s 2, 0, 2;
    %dup/vec4;
    %pushi/vec4 0, 0, 2;
    %cmp/u;
    %jmp/1 T_0.10, 6;
    %dup/vec4;
    %pushi/vec4 1, 0, 2;
    %cmp/u;
    %jmp/1 T_0.11, 6;
    %dup/vec4;
    %pushi/vec4 2, 0, 2;
    %cmp/u;
    %jmp/1 T_0.12, 6;
    %dup/vec4;
    %pushi/vec4 3, 0, 2;
    %cmp/u;
    %jmp/1 T_0.13, 6;
    %jmp T_0.14;
T_0.10 ;
    %pushi/vec4 0, 0, 1;
    %load/vec4 v0x59991cd8e2d0_0;
    %load/vec4 v0x59991cd8e3b0_0;
    %and;
    %concat/vec4; draw_concat_vec4
    %store/vec4 v0x59991cd8e660_0, 0, 5;
    %jmp T_0.14;
T_0.11 ;
    %pushi/vec4 0, 0, 1;
    %load/vec4 v0x59991cd8e2d0_0;
    %load/vec4 v0x59991cd8e3b0_0;
    %or;
    %concat/vec4; draw_concat_vec4
    %store/vec4 v0x59991cd8e660_0, 0, 5;
    %jmp T_0.14;
T_0.12 ;
    %pushi/vec4 0, 0, 1;
    %load/vec4 v0x59991cd8e2d0_0;
    %load/vec4 v0x59991cd8e3b0_0;
    %xor;
    %concat/vec4; draw_concat_vec4
    %store/vec4 v0x59991cd8e660_0, 0, 5;
    %jmp T_0.14;
T_0.13 ;
    %pushi/vec4 0, 0, 1;
    %load/vec4 v0x59991cd8e2d0_0;
    %inv;
    %concat/vec4; draw_concat_vec4
    %store/vec4 v0x59991cd8e660_0, 0, 5;
    %jmp T_0.14;
T_0.14 ;
    %pop/vec4 1;
    %jmp T_0.4;
T_0.2 ;
    %pushi/vec4 0, 0, 1;
    %load/vec4 v0x59991cd8e2d0_0;
    %ix/load 4, 1, 0;
    %flag_set/imm 4, 0;
    %shiftr 4;
    %concat/vec4; draw_concat_vec4
    %store/vec4 v0x59991cd8e660_0, 0, 5;
    %jmp T_0.4;
T_0.3 ;
    %pushi/vec4 0, 0, 1;
    %load/vec4 v0x59991cd8e2d0_0;
    %ix/load 4, 1, 0;
    %flag_set/imm 4, 0;
    %shiftl 4;
    %concat/vec4; draw_concat_vec4
    %store/vec4 v0x59991cd8e660_0, 0, 5;
    %jmp T_0.4;
T_0.4 ;
    %pop/vec4 1;
    %load/vec4 v0x59991cd8e660_0;
    %ret/vec4 0, 0, 5;  Assign to expected_from_table (store_vec4_to_lval)
    %end;
S_0x59991cd8e740 .scope task, "run_and_check" "run_and_check" 3 92, 3 92 0, S_0x59991cd6d940;
 .timescale -9 -12;
v0x59991cd8e920_0 .var "in_a", 3 0;
v0x59991cd8ea00_0 .var "in_b", 3 0;
v0x59991cd8eae0_0 .var "in_cin", 0 0;
v0x59991cd8eb80_0 .var "label", 191 0;
v0x59991cd8ec60_0 .var "sel", 3 0;
TD_alu_4bit_tb.run_and_check ;
    %load/vec4 v0x59991cd8e920_0;
    %store/vec4 v0x59991cd8ed90_0, 0, 4;
    %load/vec4 v0x59991cd8ea00_0;
    %store/vec4 v0x59991cd8ee70_0, 0, 4;
    %load/vec4 v0x59991cd8ec60_0;
    %store/vec4 v0x59991cd8f520_0, 0, 4;
    %load/vec4 v0x59991cd8eae0_0;
    %store/vec4 v0x59991cd8f040_0, 0, 1;
    %delay 1000, 0;
    %load/vec4 v0x59991cd8e920_0;
    %load/vec4 v0x59991cd8ea00_0;
    %load/vec4 v0x59991cd8ec60_0;
    %load/vec4 v0x59991cd8eae0_0;
    %store/vec4 v0x59991cd8e470_0, 0, 1;
    %store/vec4 v0x59991cd8e530_0, 0, 4;
    %store/vec4 v0x59991cd8e3b0_0, 0, 4;
    %store/vec4 v0x59991cd8e2d0_0, 0, 4;
    %callf/vec4 TD_alu_4bit_tb.expected_from_table, S_0x59991cd8dff0;
    %store/vec4 v0x59991cd8f110_0, 0, 5;
    %load/vec4 v0x59991cd8f5f0_0;
    %addi 1, 0, 32;
    %store/vec4 v0x59991cd8f5f0_0, 0, 32;
    %load/vec4 v0x59991cd8ef40_0;
    %load/vec4 v0x59991cd8f460_0;
    %concat/vec4; draw_concat_vec4
    %load/vec4 v0x59991cd8f110_0;
    %cmp/e;
    %jmp/0xz  T_1.15, 6;
    %load/vec4 v0x59991cd8f380_0;
    %addi 1, 0, 32;
    %store/vec4 v0x59991cd8f380_0, 0, 32;
    %jmp T_1.16;
T_1.15 ;
    %load/vec4 v0x59991cd8f200_0;
    %addi 1, 0, 32;
    %store/vec4 v0x59991cd8f200_0, 0, 32;
    %vpi_call/w 3 113 "$display", "FAIL %0d | %s | A=%b B=%b S=%b Cin=%b | exp={%b,%b} got={%b,%b}", v0x59991cd8f5f0_0, v0x59991cd8eb80_0, v0x59991cd8e920_0, v0x59991cd8ea00_0, v0x59991cd8ec60_0, v0x59991cd8eae0_0, &PV<v0x59991cd8f110_0, 4, 1>, &PV<v0x59991cd8f110_0, 0, 4>, v0x59991cd8ef40_0, v0x59991cd8f460_0 {0 0 0};
T_1.16 ;
    %end;
    .scope S_0x59991cd47d80;
T_2 ;
    %wait E_0x59991cd427b0;
    %pushi/vec4 0, 0, 4;
    %store/vec4 v0x59991cd8dc40_0, 0, 4;
    %pushi/vec4 0, 0, 1;
    %store/vec4 v0x59991cd8dae0_0, 0, 1;
    %pushi/vec4 0, 0, 5;
    %store/vec4 v0x59991cd8de50_0, 0, 5;
    %load/vec4 v0x59991cd8dd70_0;
    %parti/s 2, 2, 3;
    %dup/vec4;
    %pushi/vec4 0, 0, 2;
    %cmp/u;
    %jmp/1 T_2.0, 6;
    %dup/vec4;
    %pushi/vec4 1, 0, 2;
    %cmp/u;
    %jmp/1 T_2.1, 6;
    %dup/vec4;
    %pushi/vec4 2, 0, 2;
    %cmp/u;
    %jmp/1 T_2.2, 6;
    %dup/vec4;
    %pushi/vec4 3, 0, 2;
    %cmp/u;
    %jmp/1 T_2.3, 6;
    %jmp T_2.4;
T_2.0 ;
    %load/vec4 v0x59991cd8dd70_0;
    %parti/s 2, 0, 2;
    %dup/vec4;
    %pushi/vec4 0, 0, 2;
    %cmp/u;
    %jmp/1 T_2.5, 6;
    %dup/vec4;
    %pushi/vec4 1, 0, 2;
    %cmp/u;
    %jmp/1 T_2.6, 6;
    %dup/vec4;
    %pushi/vec4 2, 0, 2;
    %cmp/u;
    %jmp/1 T_2.7, 6;
    %dup/vec4;
    %pushi/vec4 3, 0, 2;
    %cmp/u;
    %jmp/1 T_2.8, 6;
    %pushi/vec4 0, 0, 5;
    %store/vec4 v0x59991cd8de50_0, 0, 5;
    %jmp T_2.10;
T_2.5 ;
    %pushi/vec4 0, 0, 1;
    %load/vec4 v0x59991cd48030_0;
    %concat/vec4; draw_concat_vec4
    %load/vec4 v0x59991cd8db80_0;
    %pad/u 5;
    %add;
    %store/vec4 v0x59991cd8de50_0, 0, 5;
    %jmp T_2.10;
T_2.6 ;
    %pushi/vec4 0, 0, 1;
    %load/vec4 v0x59991cd48030_0;
    %concat/vec4; draw_concat_vec4
    %pushi/vec4 0, 0, 1;
    %load/vec4 v0x59991cd8da00_0;
    %concat/vec4; draw_concat_vec4
    %add;
    %load/vec4 v0x59991cd8db80_0;
    %pad/u 5;
    %add;
    %store/vec4 v0x59991cd8de50_0, 0, 5;
    %jmp T_2.10;
T_2.7 ;
    %pushi/vec4 0, 0, 1;
    %load/vec4 v0x59991cd48030_0;
    %concat/vec4; draw_concat_vec4
    %pushi/vec4 0, 0, 1;
    %load/vec4 v0x59991cd8da00_0;
    %inv;
    %concat/vec4; draw_concat_vec4
    %add;
    %load/vec4 v0x59991cd8db80_0;
    %pad/u 5;
    %add;
    %store/vec4 v0x59991cd8de50_0, 0, 5;
    %jmp T_2.10;
T_2.8 ;
    %pushi/vec4 0, 0, 1;
    %load/vec4 v0x59991cd48030_0;
    %concat/vec4; draw_concat_vec4
    %addi 15, 0, 5;
    %load/vec4 v0x59991cd8db80_0;
    %pad/u 5;
    %add;
    %store/vec4 v0x59991cd8de50_0, 0, 5;
    %jmp T_2.10;
T_2.10 ;
    %pop/vec4 1;
    %load/vec4 v0x59991cd8de50_0;
    %split/vec4 4;
    %store/vec4 v0x59991cd8dc40_0, 0, 4;
    %store/vec4 v0x59991cd8dae0_0, 0, 1;
    %jmp T_2.4;
T_2.1 ;
    %load/vec4 v0x59991cd8dd70_0;
    %parti/s 2, 0, 2;
    %dup/vec4;
    %pushi/vec4 0, 0, 2;
    %cmp/u;
    %jmp/1 T_2.11, 6;
    %dup/vec4;
    %pushi/vec4 1, 0, 2;
    %cmp/u;
    %jmp/1 T_2.12, 6;
    %dup/vec4;
    %pushi/vec4 2, 0, 2;
    %cmp/u;
    %jmp/1 T_2.13, 6;
    %dup/vec4;
    %pushi/vec4 3, 0, 2;
    %cmp/u;
    %jmp/1 T_2.14, 6;
    %pushi/vec4 0, 0, 4;
    %store/vec4 v0x59991cd8dc40_0, 0, 4;
    %jmp T_2.16;
T_2.11 ;
    %load/vec4 v0x59991cd48030_0;
    %load/vec4 v0x59991cd8da00_0;
    %and;
    %store/vec4 v0x59991cd8dc40_0, 0, 4;
    %jmp T_2.16;
T_2.12 ;
    %load/vec4 v0x59991cd48030_0;
    %load/vec4 v0x59991cd8da00_0;
    %or;
    %store/vec4 v0x59991cd8dc40_0, 0, 4;
    %jmp T_2.16;
T_2.13 ;
    %load/vec4 v0x59991cd48030_0;
    %load/vec4 v0x59991cd8da00_0;
    %xor;
    %store/vec4 v0x59991cd8dc40_0, 0, 4;
    %jmp T_2.16;
T_2.14 ;
    %load/vec4 v0x59991cd48030_0;
    %inv;
    %store/vec4 v0x59991cd8dc40_0, 0, 4;
    %jmp T_2.16;
T_2.16 ;
    %pop/vec4 1;
    %pushi/vec4 0, 0, 1;
    %store/vec4 v0x59991cd8dae0_0, 0, 1;
    %jmp T_2.4;
T_2.2 ;
    %load/vec4 v0x59991cd48030_0;
    %ix/load 4, 1, 0;
    %flag_set/imm 4, 0;
    %shiftr 4;
    %store/vec4 v0x59991cd8dc40_0, 0, 4;
    %pushi/vec4 0, 0, 1;
    %store/vec4 v0x59991cd8dae0_0, 0, 1;
    %jmp T_2.4;
T_2.3 ;
    %load/vec4 v0x59991cd48030_0;
    %ix/load 4, 1, 0;
    %flag_set/imm 4, 0;
    %shiftl 4;
    %store/vec4 v0x59991cd8dc40_0, 0, 4;
    %pushi/vec4 0, 0, 1;
    %store/vec4 v0x59991cd8dae0_0, 0, 1;
    %jmp T_2.4;
T_2.4 ;
    %pop/vec4 1;
    %jmp T_2;
    .thread T_2, $push;
    .scope S_0x59991cd6d940;
T_3 ;
    %vpi_call/w 3 31 "$dumpfile", "alu_waves.vcd" {0 0 0};
    %vpi_call/w 3 32 "$dumpvars", 32'sb00000000000000000000000000000000, S_0x59991cd6d940 {0 0 0};
    %pushi/vec4 0, 0, 32;
    %store/vec4 v0x59991cd8f5f0_0, 0, 32;
    %pushi/vec4 0, 0, 32;
    %store/vec4 v0x59991cd8f380_0, 0, 32;
    %pushi/vec4 0, 0, 32;
    %store/vec4 v0x59991cd8f200_0, 0, 32;
    %pushi/vec4 0, 0, 4;
    %ix/load 4, 0, 0;
    %flag_set/imm 4, 0;
    %store/vec4a v0x59991cd8f6b0, 4, 0;
    %pushi/vec4 0, 0, 4;
    %ix/load 4, 0, 0;
    %flag_set/imm 4, 0;
    %store/vec4a v0x59991cd8f770, 4, 0;
    %pushi/vec4 1, 0, 4;
    %ix/load 4, 1, 0;
    %flag_set/imm 4, 0;
    %store/vec4a v0x59991cd8f6b0, 4, 0;
    %pushi/vec4 7, 0, 4;
    %ix/load 4, 1, 0;
    %flag_set/imm 4, 0;
    %store/vec4a v0x59991cd8f770, 4, 0;
    %pushi/vec4 5, 0, 4;
    %ix/load 4, 2, 0;
    %flag_set/imm 4, 0;
    %store/vec4a v0x59991cd8f6b0, 4, 0;
    %pushi/vec4 3, 0, 4;
    %ix/load 4, 2, 0;
    %flag_set/imm 4, 0;
    %store/vec4a v0x59991cd8f770, 4, 0;
    %pushi/vec4 8, 0, 4;
    %ix/load 4, 3, 0;
    %flag_set/imm 4, 0;
    %store/vec4a v0x59991cd8f6b0, 4, 0;
    %pushi/vec4 4, 0, 4;
    %ix/load 4, 3, 0;
    %flag_set/imm 4, 0;
    %store/vec4a v0x59991cd8f770, 4, 0;
    %pushi/vec4 15, 0, 4;
    %ix/load 4, 4, 0;
    %flag_set/imm 4, 0;
    %store/vec4a v0x59991cd8f6b0, 4, 0;
    %pushi/vec4 1, 0, 4;
    %ix/load 4, 4, 0;
    %flag_set/imm 4, 0;
    %store/vec4a v0x59991cd8f770, 4, 0;
    %pushi/vec4 10, 0, 4;
    %ix/load 4, 5, 0;
    %flag_set/imm 4, 0;
    %store/vec4a v0x59991cd8f6b0, 4, 0;
    %pushi/vec4 5, 0, 4;
    %ix/load 4, 5, 0;
    %flag_set/imm 4, 0;
    %store/vec4a v0x59991cd8f770, 4, 0;
    %vpi_call/w 3 44 "$display", "\012=== Checking ALU against provided function table ===" {0 0 0};
    %pushi/vec4 0, 0, 32;
    %store/vec4 v0x59991cd8f2a0_0, 0, 32;
T_3.0 ;
    %load/vec4 v0x59991cd8f2a0_0;
    %cmpi/s 6, 0, 32;
    %jmp/0xz T_3.1, 5;
    %ix/getv/s 4, v0x59991cd8f2a0_0;
    %load/vec4a v0x59991cd8f6b0, 4;
    %store/vec4 v0x59991cd8e920_0, 0, 4;
    %ix/getv/s 4, v0x59991cd8f2a0_0;
    %load/vec4a v0x59991cd8f770, 4;
    %store/vec4 v0x59991cd8ea00_0, 0, 4;
    %pushi/vec4 0, 0, 4;
    %store/vec4 v0x59991cd8ec60_0, 0, 4;
    %pushi/vec4 0, 0, 1;
    %store/vec4 v0x59991cd8eae0_0, 0, 1;
    %pushi/vec4 0, 0, 32; draw_string_vec4
    %pushi/vec4 0, 0, 32; draw_string_vec4
    %concat/vec4; draw_string_vec4
    %pushi/vec4 0, 0, 32; draw_string_vec4
    %concat/vec4; draw_string_vec4
    %pushi/vec4 48, 0, 32; draw_string_vec4
    %concat/vec4; draw_string_vec4
    %pushi/vec4 808464442, 0, 32; draw_string_vec4
    %concat/vec4; draw_string_vec4
    %pushi/vec4 541474113, 0, 32; draw_string_vec4
    %concat/vec4; draw_string_vec4
    %store/vec4 v0x59991cd8eb80_0, 0, 192;
    %fork TD_alu_4bit_tb.run_and_check, S_0x59991cd8e740;
    %join;
    %ix/getv/s 4, v0x59991cd8f2a0_0;
    %load/vec4a v0x59991cd8f6b0, 4;
    %store/vec4 v0x59991cd8e920_0, 0, 4;
    %ix/getv/s 4, v0x59991cd8f2a0_0;
    %load/vec4a v0x59991cd8f770, 4;
    %store/vec4 v0x59991cd8ea00_0, 0, 4;
    %pushi/vec4 0, 0, 4;
    %store/vec4 v0x59991cd8ec60_0, 0, 4;
    %pushi/vec4 1, 0, 1;
    %store/vec4 v0x59991cd8eae0_0, 0, 1;
    %pushi/vec4 0, 0, 32; draw_string_vec4
    %pushi/vec4 0, 0, 32; draw_string_vec4
    %concat/vec4; draw_string_vec4
    %pushi/vec4 0, 0, 32; draw_string_vec4
    %concat/vec4; draw_string_vec4
    %pushi/vec4 3158064, 0, 32; draw_string_vec4
    %concat/vec4; draw_string_vec4
    %pushi/vec4 809115718, 0, 32; draw_string_vec4
    %concat/vec4; draw_string_vec4
    %pushi/vec4 1027681073, 0, 32; draw_string_vec4
    %concat/vec4; draw_string_vec4
    %store/vec4 v0x59991cd8eb80_0, 0, 192;
    %fork TD_alu_4bit_tb.run_and_check, S_0x59991cd8e740;
    %join;
    %ix/getv/s 4, v0x59991cd8f2a0_0;
    %load/vec4a v0x59991cd8f6b0, 4;
    %store/vec4 v0x59991cd8e920_0, 0, 4;
    %ix/getv/s 4, v0x59991cd8f2a0_0;
    %load/vec4a v0x59991cd8f770, 4;
    %store/vec4 v0x59991cd8ea00_0, 0, 4;
    %pushi/vec4 1, 0, 4;
    %store/vec4 v0x59991cd8ec60_0, 0, 4;
    %pushi/vec4 0, 0, 1;
    %store/vec4 v0x59991cd8eae0_0, 0, 1;
    %pushi/vec4 0, 0, 32; draw_string_vec4
    %pushi/vec4 0, 0, 32; draw_string_vec4
    %concat/vec4; draw_string_vec4
    %pushi/vec4 0, 0, 32; draw_string_vec4
    %concat/vec4; draw_string_vec4
    %pushi/vec4 3158064, 0, 32; draw_string_vec4
    %concat/vec4; draw_string_vec4
    %pushi/vec4 825892934, 0, 32; draw_string_vec4
    %concat/vec4; draw_string_vec4
    %pushi/vec4 1027681090, 0, 32; draw_string_vec4
    %concat/vec4; draw_string_vec4
    %store/vec4 v0x59991cd8eb80_0, 0, 192;
    %fork TD_alu_4bit_tb.run_and_check, S_0x59991cd8e740;
    %join;
    %ix/getv/s 4, v0x59991cd8f2a0_0;
    %load/vec4a v0x59991cd8f6b0, 4;
    %store/vec4 v0x59991cd8e920_0, 0, 4;
    %ix/getv/s 4, v0x59991cd8f2a0_0;
    %load/vec4a v0x59991cd8f770, 4;
    %store/vec4 v0x59991cd8ea00_0, 0, 4;
    %pushi/vec4 1, 0, 4;
    %store/vec4 v0x59991cd8ec60_0, 0, 4;
    %pushi/vec4 1, 0, 1;
    %store/vec4 v0x59991cd8eae0_0, 0, 1;
    %pushi/vec4 0, 0, 32; draw_string_vec4
    %pushi/vec4 0, 0, 32; draw_string_vec4
    %concat/vec4; draw_string_vec4
    %pushi/vec4 48, 0, 32; draw_string_vec4
    %concat/vec4; draw_string_vec4
    %pushi/vec4 808464698, 0, 32; draw_string_vec4
    %concat/vec4; draw_string_vec4
    %pushi/vec4 541474113, 0, 32; draw_string_vec4
    %concat/vec4; draw_string_vec4
    %pushi/vec4 725756721, 0, 32; draw_string_vec4
    %concat/vec4; draw_string_vec4
    %store/vec4 v0x59991cd8eb80_0, 0, 192;
    %fork TD_alu_4bit_tb.run_and_check, S_0x59991cd8e740;
    %join;
    %ix/getv/s 4, v0x59991cd8f2a0_0;
    %load/vec4a v0x59991cd8f6b0, 4;
    %store/vec4 v0x59991cd8e920_0, 0, 4;
    %ix/getv/s 4, v0x59991cd8f2a0_0;
    %load/vec4a v0x59991cd8f770, 4;
    %store/vec4 v0x59991cd8ea00_0, 0, 4;
    %pushi/vec4 2, 0, 4;
    %store/vec4 v0x59991cd8ec60_0, 0, 4;
    %pushi/vec4 0, 0, 1;
    %store/vec4 v0x59991cd8eae0_0, 0, 1;
    %pushi/vec4 0, 0, 32; draw_string_vec4
    %pushi/vec4 0, 0, 32; draw_string_vec4
    %concat/vec4; draw_string_vec4
    %pushi/vec4 0, 0, 32; draw_string_vec4
    %concat/vec4; draw_string_vec4
    %pushi/vec4 808464688, 0, 32; draw_string_vec4
    %concat/vec4; draw_string_vec4
    %pushi/vec4 975193661, 0, 32; draw_string_vec4
    %concat/vec4; draw_string_vec4
    %pushi/vec4 1093369410, 0, 32; draw_string_vec4
    %concat/vec4; draw_string_vec4
    %store/vec4 v0x59991cd8eb80_0, 0, 192;
    %fork TD_alu_4bit_tb.run_and_check, S_0x59991cd8e740;
    %join;
    %ix/getv/s 4, v0x59991cd8f2a0_0;
    %load/vec4a v0x59991cd8f6b0, 4;
    %store/vec4 v0x59991cd8e920_0, 0, 4;
    %ix/getv/s 4, v0x59991cd8f2a0_0;
    %load/vec4a v0x59991cd8f770, 4;
    %store/vec4 v0x59991cd8ea00_0, 0, 4;
    %pushi/vec4 2, 0, 4;
    %store/vec4 v0x59991cd8ec60_0, 0, 4;
    %pushi/vec4 1, 0, 1;
    %store/vec4 v0x59991cd8eae0_0, 0, 1;
    %pushi/vec4 0, 0, 32; draw_string_vec4
    %pushi/vec4 0, 0, 32; draw_string_vec4
    %concat/vec4; draw_string_vec4
    %pushi/vec4 12336, 0, 32; draw_string_vec4
    %concat/vec4; draw_string_vec4
    %pushi/vec4 825244192, 0, 32; draw_string_vec4
    %concat/vec4; draw_string_vec4
    %pushi/vec4 1178419499, 0, 32; draw_string_vec4
    %concat/vec4; draw_string_vec4
    %pushi/vec4 2118265649, 0, 32; draw_string_vec4
    %concat/vec4; draw_string_vec4
    %store/vec4 v0x59991cd8eb80_0, 0, 192;
    %fork TD_alu_4bit_tb.run_and_check, S_0x59991cd8e740;
    %join;
    %ix/getv/s 4, v0x59991cd8f2a0_0;
    %load/vec4a v0x59991cd8f6b0, 4;
    %store/vec4 v0x59991cd8e920_0, 0, 4;
    %ix/getv/s 4, v0x59991cd8f2a0_0;
    %load/vec4a v0x59991cd8f770, 4;
    %store/vec4 v0x59991cd8ea00_0, 0, 4;
    %pushi/vec4 3, 0, 4;
    %store/vec4 v0x59991cd8ec60_0, 0, 4;
    %pushi/vec4 0, 0, 1;
    %store/vec4 v0x59991cd8eae0_0, 0, 1;
    %pushi/vec4 0, 0, 32; draw_string_vec4
    %pushi/vec4 0, 0, 32; draw_string_vec4
    %concat/vec4; draw_string_vec4
    %pushi/vec4 0, 0, 32; draw_string_vec4
    %concat/vec4; draw_string_vec4
    %pushi/vec4 3158065, 0, 32; draw_string_vec4
    %concat/vec4; draw_string_vec4
    %pushi/vec4 825892934, 0, 32; draw_string_vec4
    %concat/vec4; draw_string_vec4
    %pushi/vec4 1027681585, 0, 32; draw_string_vec4
    %concat/vec4; draw_string_vec4
    %store/vec4 v0x59991cd8eb80_0, 0, 192;
    %fork TD_alu_4bit_tb.run_and_check, S_0x59991cd8e740;
    %join;
    %ix/getv/s 4, v0x59991cd8f2a0_0;
    %load/vec4a v0x59991cd8f6b0, 4;
    %store/vec4 v0x59991cd8e920_0, 0, 4;
    %ix/getv/s 4, v0x59991cd8f2a0_0;
    %load/vec4a v0x59991cd8f770, 4;
    %store/vec4 v0x59991cd8ea00_0, 0, 4;
    %pushi/vec4 3, 0, 4;
    %store/vec4 v0x59991cd8ec60_0, 0, 4;
    %pushi/vec4 1, 0, 1;
    %store/vec4 v0x59991cd8eae0_0, 0, 1;
    %pushi/vec4 0, 0, 32; draw_string_vec4
    %pushi/vec4 0, 0, 32; draw_string_vec4
    %concat/vec4; draw_string_vec4
    %pushi/vec4 0, 0, 32; draw_string_vec4
    %concat/vec4; draw_string_vec4
    %pushi/vec4 48, 0, 32; draw_string_vec4
    %concat/vec4; draw_string_vec4
    %pushi/vec4 808530234, 0, 32; draw_string_vec4
    %concat/vec4; draw_string_vec4
    %pushi/vec4 541474113, 0, 32; draw_string_vec4
    %concat/vec4; draw_string_vec4
    %store/vec4 v0x59991cd8eb80_0, 0, 192;
    %fork TD_alu_4bit_tb.run_and_check, S_0x59991cd8e740;
    %join;
    %load/vec4 v0x59991cd8f2a0_0;
    %addi 1, 0, 32;
    %store/vec4 v0x59991cd8f2a0_0, 0, 32;
    %jmp T_3.0;
T_3.1 ;
    %pushi/vec4 0, 0, 32;
    %store/vec4 v0x59991cd8f2a0_0, 0, 32;
T_3.2 ;
    %load/vec4 v0x59991cd8f2a0_0;
    %cmpi/s 6, 0, 32;
    %jmp/0xz T_3.3, 5;
    %ix/getv/s 4, v0x59991cd8f2a0_0;
    %load/vec4a v0x59991cd8f6b0, 4;
    %store/vec4 v0x59991cd8e920_0, 0, 4;
    %ix/getv/s 4, v0x59991cd8f2a0_0;
    %load/vec4a v0x59991cd8f770, 4;
    %store/vec4 v0x59991cd8ea00_0, 0, 4;
    %pushi/vec4 4, 0, 4;
    %store/vec4 v0x59991cd8ec60_0, 0, 4;
    %pushi/vec4 0, 0, 1;
    %store/vec4 v0x59991cd8eae0_0, 0, 1;
    %pushi/vec4 0, 0, 32; draw_string_vec4
    %pushi/vec4 0, 0, 32; draw_string_vec4
    %concat/vec4; draw_string_vec4
    %pushi/vec4 0, 0, 32; draw_string_vec4
    %concat/vec4; draw_string_vec4
    %pushi/vec4 808529968, 0, 32; draw_string_vec4
    %concat/vec4; draw_string_vec4
    %pushi/vec4 2017075270, 0, 32; draw_string_vec4
    %concat/vec4; draw_string_vec4
    %pushi/vec4 1027679810, 0, 32; draw_string_vec4
    %concat/vec4; draw_string_vec4
    %store/vec4 v0x59991cd8eb80_0, 0, 192;
    %fork TD_alu_4bit_tb.run_and_check, S_0x59991cd8e740;
    %join;
    %ix/getv/s 4, v0x59991cd8f2a0_0;
    %load/vec4a v0x59991cd8f6b0, 4;
    %store/vec4 v0x59991cd8e920_0, 0, 4;
    %ix/getv/s 4, v0x59991cd8f2a0_0;
    %load/vec4a v0x59991cd8f770, 4;
    %store/vec4 v0x59991cd8ea00_0, 0, 4;
    %pushi/vec4 4, 0, 4;
    %store/vec4 v0x59991cd8ec60_0, 0, 4;
    %pushi/vec4 1, 0, 1;
    %store/vec4 v0x59991cd8eae0_0, 0, 1;
    %pushi/vec4 0, 0, 32; draw_string_vec4
    %pushi/vec4 0, 0, 32; draw_string_vec4
    %concat/vec4; draw_string_vec4
    %pushi/vec4 0, 0, 32; draw_string_vec4
    %concat/vec4; draw_string_vec4
    %pushi/vec4 808529968, 0, 32; draw_string_vec4
    %concat/vec4; draw_string_vec4
    %pushi/vec4 2017075270, 0, 32; draw_string_vec4
    %concat/vec4; draw_string_vec4
    %pushi/vec4 1027679810, 0, 32; draw_string_vec4
    %concat/vec4; draw_string_vec4
    %store/vec4 v0x59991cd8eb80_0, 0, 192;
    %fork TD_alu_4bit_tb.run_and_check, S_0x59991cd8e740;
    %join;
    %ix/getv/s 4, v0x59991cd8f2a0_0;
    %load/vec4a v0x59991cd8f6b0, 4;
    %store/vec4 v0x59991cd8e920_0, 0, 4;
    %ix/getv/s 4, v0x59991cd8f2a0_0;
    %load/vec4a v0x59991cd8f770, 4;
    %store/vec4 v0x59991cd8ea00_0, 0, 4;
    %pushi/vec4 5, 0, 4;
    %store/vec4 v0x59991cd8ec60_0, 0, 4;
    %pushi/vec4 0, 0, 1;
    %store/vec4 v0x59991cd8eae0_0, 0, 1;
    %pushi/vec4 0, 0, 32; draw_string_vec4
    %pushi/vec4 0, 0, 32; draw_string_vec4
    %concat/vec4; draw_string_vec4
    %pushi/vec4 0, 0, 32; draw_string_vec4
    %concat/vec4; draw_string_vec4
    %pushi/vec4 808529969, 0, 32; draw_string_vec4
    %concat/vec4; draw_string_vec4
    %pushi/vec4 2017075270, 0, 32; draw_string_vec4
    %concat/vec4; draw_string_vec4
    %pushi/vec4 1027701826, 0, 32; draw_string_vec4
    %concat/vec4; draw_string_vec4
    %store/vec4 v0x59991cd8eb80_0, 0, 192;
    %fork TD_alu_4bit_tb.run_and_check, S_0x59991cd8e740;
    %join;
    %ix/getv/s 4, v0x59991cd8f2a0_0;
    %load/vec4a v0x59991cd8f6b0, 4;
    %store/vec4 v0x59991cd8e920_0, 0, 4;
    %ix/getv/s 4, v0x59991cd8f2a0_0;
    %load/vec4a v0x59991cd8f770, 4;
    %store/vec4 v0x59991cd8ea00_0, 0, 4;
    %pushi/vec4 5, 0, 4;
    %store/vec4 v0x59991cd8ec60_0, 0, 4;
    %pushi/vec4 1, 0, 1;
    %store/vec4 v0x59991cd8eae0_0, 0, 1;
    %pushi/vec4 0, 0, 32; draw_string_vec4
    %pushi/vec4 0, 0, 32; draw_string_vec4
    %concat/vec4; draw_string_vec4
    %pushi/vec4 0, 0, 32; draw_string_vec4
    %concat/vec4; draw_string_vec4
    %pushi/vec4 808529969, 0, 32; draw_string_vec4
    %concat/vec4; draw_string_vec4
    %pushi/vec4 2017075270, 0, 32; draw_string_vec4
    %concat/vec4; draw_string_vec4
    %pushi/vec4 1027701826, 0, 32; draw_string_vec4
    %concat/vec4; draw_string_vec4
    %store/vec4 v0x59991cd8eb80_0, 0, 192;
    %fork TD_alu_4bit_tb.run_and_check, S_0x59991cd8e740;
    %join;
    %ix/getv/s 4, v0x59991cd8f2a0_0;
    %load/vec4a v0x59991cd8f6b0, 4;
    %store/vec4 v0x59991cd8e920_0, 0, 4;
    %ix/getv/s 4, v0x59991cd8f2a0_0;
    %load/vec4a v0x59991cd8f770, 4;
    %store/vec4 v0x59991cd8ea00_0, 0, 4;
    %pushi/vec4 6, 0, 4;
    %store/vec4 v0x59991cd8ec60_0, 0, 4;
    %pushi/vec4 0, 0, 1;
    %store/vec4 v0x59991cd8eae0_0, 0, 1;
    %pushi/vec4 0, 0, 32; draw_string_vec4
    %pushi/vec4 0, 0, 32; draw_string_vec4
    %concat/vec4; draw_string_vec4
    %pushi/vec4 0, 0, 32; draw_string_vec4
    %concat/vec4; draw_string_vec4
    %pushi/vec4 808530224, 0, 32; draw_string_vec4
    %concat/vec4; draw_string_vec4
    %pushi/vec4 2017075270, 0, 32; draw_string_vec4
    %concat/vec4; draw_string_vec4
    %pushi/vec4 1027694146, 0, 32; draw_string_vec4
    %concat/vec4; draw_string_vec4
    %store/vec4 v0x59991cd8eb80_0, 0, 192;
    %fork TD_alu_4bit_tb.run_and_check, S_0x59991cd8e740;
    %join;
    %ix/getv/s 4, v0x59991cd8f2a0_0;
    %load/vec4a v0x59991cd8f6b0, 4;
    %store/vec4 v0x59991cd8e920_0, 0, 4;
    %ix/getv/s 4, v0x59991cd8f2a0_0;
    %load/vec4a v0x59991cd8f770, 4;
    %store/vec4 v0x59991cd8ea00_0, 0, 4;
    %pushi/vec4 6, 0, 4;
    %store/vec4 v0x59991cd8ec60_0, 0, 4;
    %pushi/vec4 1, 0, 1;
    %store/vec4 v0x59991cd8eae0_0, 0, 1;
    %pushi/vec4 0, 0, 32; draw_string_vec4
    %pushi/vec4 0, 0, 32; draw_string_vec4
    %concat/vec4; draw_string_vec4
    %pushi/vec4 0, 0, 32; draw_string_vec4
    %concat/vec4; draw_string_vec4
    %pushi/vec4 808530224, 0, 32; draw_string_vec4
    %concat/vec4; draw_string_vec4
    %pushi/vec4 2017075270, 0, 32; draw_string_vec4
    %concat/vec4; draw_string_vec4
    %pushi/vec4 1027694146, 0, 32; draw_string_vec4
    %concat/vec4; draw_string_vec4
    %store/vec4 v0x59991cd8eb80_0, 0, 192;
    %fork TD_alu_4bit_tb.run_and_check, S_0x59991cd8e740;
    %join;
    %ix/getv/s 4, v0x59991cd8f2a0_0;
    %load/vec4a v0x59991cd8f6b0, 4;
    %store/vec4 v0x59991cd8e920_0, 0, 4;
    %ix/getv/s 4, v0x59991cd8f2a0_0;
    %load/vec4a v0x59991cd8f770, 4;
    %store/vec4 v0x59991cd8ea00_0, 0, 4;
    %pushi/vec4 7, 0, 4;
    %store/vec4 v0x59991cd8ec60_0, 0, 4;
    %pushi/vec4 0, 0, 1;
    %store/vec4 v0x59991cd8eae0_0, 0, 1;
    %pushi/vec4 0, 0, 32; draw_string_vec4
    %pushi/vec4 0, 0, 32; draw_string_vec4
    %concat/vec4; draw_string_vec4
    %pushi/vec4 0, 0, 32; draw_string_vec4
    %concat/vec4; draw_string_vec4
    %pushi/vec4 3158321, 0, 32; draw_string_vec4
    %concat/vec4; draw_string_vec4
    %pushi/vec4 829962784, 0, 32; draw_string_vec4
    %concat/vec4; draw_string_vec4
    %pushi/vec4 1178435137, 0, 32; draw_string_vec4
    %concat/vec4; draw_string_vec4
    %store/vec4 v0x59991cd8eb80_0, 0, 192;
    %fork TD_alu_4bit_tb.run_and_check, S_0x59991cd8e740;
    %join;
    %ix/getv/s 4, v0x59991cd8f2a0_0;
    %load/vec4a v0x59991cd8f6b0, 4;
    %store/vec4 v0x59991cd8e920_0, 0, 4;
    %ix/getv/s 4, v0x59991cd8f2a0_0;
    %load/vec4a v0x59991cd8f770, 4;
    %store/vec4 v0x59991cd8ea00_0, 0, 4;
    %pushi/vec4 7, 0, 4;
    %store/vec4 v0x59991cd8ec60_0, 0, 4;
    %pushi/vec4 1, 0, 1;
    %store/vec4 v0x59991cd8eae0_0, 0, 1;
    %pushi/vec4 0, 0, 32; draw_string_vec4
    %pushi/vec4 0, 0, 32; draw_string_vec4
    %concat/vec4; draw_string_vec4
    %pushi/vec4 0, 0, 32; draw_string_vec4
    %concat/vec4; draw_string_vec4
    %pushi/vec4 3158321, 0, 32; draw_string_vec4
    %concat/vec4; draw_string_vec4
    %pushi/vec4 829962784, 0, 32; draw_string_vec4
    %concat/vec4; draw_string_vec4
    %pushi/vec4 1178435137, 0, 32; draw_string_vec4
    %concat/vec4; draw_string_vec4
    %store/vec4 v0x59991cd8eb80_0, 0, 192;
    %fork TD_alu_4bit_tb.run_and_check, S_0x59991cd8e740;
    %join;
    %load/vec4 v0x59991cd8f2a0_0;
    %addi 1, 0, 32;
    %store/vec4 v0x59991cd8f2a0_0, 0, 32;
    %jmp T_3.2;
T_3.3 ;
    %pushi/vec4 0, 0, 32;
    %store/vec4 v0x59991cd8f2a0_0, 0, 32;
T_3.4 ;
    %load/vec4 v0x59991cd8f2a0_0;
    %cmpi/s 6, 0, 32;
    %jmp/0xz T_3.5, 5;
    %ix/getv/s 4, v0x59991cd8f2a0_0;
    %load/vec4a v0x59991cd8f6b0, 4;
    %store/vec4 v0x59991cd8e920_0, 0, 4;
    %ix/getv/s 4, v0x59991cd8f2a0_0;
    %load/vec4a v0x59991cd8f770, 4;
    %store/vec4 v0x59991cd8ea00_0, 0, 4;
    %pushi/vec4 8, 0, 4;
    %store/vec4 v0x59991cd8ec60_0, 0, 4;
    %pushi/vec4 0, 0, 1;
    %store/vec4 v0x59991cd8eae0_0, 0, 1;
    %pushi/vec4 0, 0, 32; draw_string_vec4
    %pushi/vec4 0, 0, 32; draw_string_vec4
    %concat/vec4; draw_string_vec4
    %pushi/vec4 12592, 0, 32; draw_string_vec4
    %concat/vec4; draw_string_vec4
    %pushi/vec4 2021161018, 0, 32; draw_string_vec4
    %concat/vec4; draw_string_vec4
    %pushi/vec4 541474163, 0, 32; draw_string_vec4
    %concat/vec4; draw_string_vec4
    %pushi/vec4 1752309825, 0, 32; draw_string_vec4
    %concat/vec4; draw_string_vec4
    %store/vec4 v0x59991cd8eb80_0, 0, 192;
    %fork TD_alu_4bit_tb.run_and_check, S_0x59991cd8e740;
    %join;
    %ix/getv/s 4, v0x59991cd8f2a0_0;
    %load/vec4a v0x59991cd8f6b0, 4;
    %store/vec4 v0x59991cd8e920_0, 0, 4;
    %ix/getv/s 4, v0x59991cd8f2a0_0;
    %load/vec4a v0x59991cd8f770, 4;
    %store/vec4 v0x59991cd8ea00_0, 0, 4;
    %pushi/vec4 9, 0, 4;
    %store/vec4 v0x59991cd8ec60_0, 0, 4;
    %pushi/vec4 1, 0, 1;
    %store/vec4 v0x59991cd8eae0_0, 0, 1;
    %pushi/vec4 0, 0, 32; draw_string_vec4
    %pushi/vec4 0, 0, 32; draw_string_vec4
    %concat/vec4; draw_string_vec4
    %pushi/vec4 12592, 0, 32; draw_string_vec4
    %concat/vec4; draw_string_vec4
    %pushi/vec4 2021161018, 0, 32; draw_string_vec4
    %concat/vec4; draw_string_vec4
    %pushi/vec4 541474163, 0, 32; draw_string_vec4
    %concat/vec4; draw_string_vec4
    %pushi/vec4 1752309825, 0, 32; draw_string_vec4
    %concat/vec4; draw_string_vec4
    %store/vec4 v0x59991cd8eb80_0, 0, 192;
    %fork TD_alu_4bit_tb.run_and_check, S_0x59991cd8e740;
    %join;
    %ix/getv/s 4, v0x59991cd8f2a0_0;
    %load/vec4a v0x59991cd8f6b0, 4;
    %store/vec4 v0x59991cd8e920_0, 0, 4;
    %ix/getv/s 4, v0x59991cd8f2a0_0;
    %load/vec4a v0x59991cd8f770, 4;
    %store/vec4 v0x59991cd8ea00_0, 0, 4;
    %pushi/vec4 10, 0, 4;
    %store/vec4 v0x59991cd8ec60_0, 0, 4;
    %pushi/vec4 0, 0, 1;
    %store/vec4 v0x59991cd8eae0_0, 0, 1;
    %pushi/vec4 0, 0, 32; draw_string_vec4
    %pushi/vec4 0, 0, 32; draw_string_vec4
    %concat/vec4; draw_string_vec4
    %pushi/vec4 12592, 0, 32; draw_string_vec4
    %concat/vec4; draw_string_vec4
    %pushi/vec4 2021161018, 0, 32; draw_string_vec4
    %concat/vec4; draw_string_vec4
    %pushi/vec4 541474163, 0, 32; draw_string_vec4
    %concat/vec4; draw_string_vec4
    %pushi/vec4 1752309825, 0, 32; draw_string_vec4
    %concat/vec4; draw_string_vec4
    %store/vec4 v0x59991cd8eb80_0, 0, 192;
    %fork TD_alu_4bit_tb.run_and_check, S_0x59991cd8e740;
    %join;
    %ix/getv/s 4, v0x59991cd8f2a0_0;
    %load/vec4a v0x59991cd8f6b0, 4;
    %store/vec4 v0x59991cd8e920_0, 0, 4;
    %ix/getv/s 4, v0x59991cd8f2a0_0;
    %load/vec4a v0x59991cd8f770, 4;
    %store/vec4 v0x59991cd8ea00_0, 0, 4;
    %pushi/vec4 11, 0, 4;
    %store/vec4 v0x59991cd8ec60_0, 0, 4;
    %pushi/vec4 1, 0, 1;
    %store/vec4 v0x59991cd8eae0_0, 0, 1;
    %pushi/vec4 0, 0, 32; draw_string_vec4
    %pushi/vec4 0, 0, 32; draw_string_vec4
    %concat/vec4; draw_string_vec4
    %pushi/vec4 12592, 0, 32; draw_string_vec4
    %concat/vec4; draw_string_vec4
    %pushi/vec4 2021161018, 0, 32; draw_string_vec4
    %concat/vec4; draw_string_vec4
    %pushi/vec4 541474163, 0, 32; draw_string_vec4
    %concat/vec4; draw_string_vec4
    %pushi/vec4 1752309825, 0, 32; draw_string_vec4
    %concat/vec4; draw_string_vec4
    %store/vec4 v0x59991cd8eb80_0, 0, 192;
    %fork TD_alu_4bit_tb.run_and_check, S_0x59991cd8e740;
    %join;
    %ix/getv/s 4, v0x59991cd8f2a0_0;
    %load/vec4a v0x59991cd8f6b0, 4;
    %store/vec4 v0x59991cd8e920_0, 0, 4;
    %ix/getv/s 4, v0x59991cd8f2a0_0;
    %load/vec4a v0x59991cd8f770, 4;
    %store/vec4 v0x59991cd8ea00_0, 0, 4;
    %pushi/vec4 12, 0, 4;
    %store/vec4 v0x59991cd8ec60_0, 0, 4;
    %pushi/vec4 0, 0, 1;
    %store/vec4 v0x59991cd8eae0_0, 0, 1;
    %pushi/vec4 0, 0, 32; draw_string_vec4
    %pushi/vec4 0, 0, 32; draw_string_vec4
    %concat/vec4; draw_string_vec4
    %pushi/vec4 12593, 0, 32; draw_string_vec4
    %concat/vec4; draw_string_vec4
    %pushi/vec4 2021161018, 0, 32; draw_string_vec4
    %concat/vec4; draw_string_vec4
    %pushi/vec4 541474163, 0, 32; draw_string_vec4
    %concat/vec4; draw_string_vec4
    %pushi/vec4 1751916609, 0, 32; draw_string_vec4
    %concat/vec4; draw_string_vec4
    %store/vec4 v0x59991cd8eb80_0, 0, 192;
    %fork TD_alu_4bit_tb.run_and_check, S_0x59991cd8e740;
    %join;
    %ix/getv/s 4, v0x59991cd8f2a0_0;
    %load/vec4a v0x59991cd8f6b0, 4;
    %store/vec4 v0x59991cd8e920_0, 0, 4;
    %ix/getv/s 4, v0x59991cd8f2a0_0;
    %load/vec4a v0x59991cd8f770, 4;
    %store/vec4 v0x59991cd8ea00_0, 0, 4;
    %pushi/vec4 13, 0, 4;
    %store/vec4 v0x59991cd8ec60_0, 0, 4;
    %pushi/vec4 1, 0, 1;
    %store/vec4 v0x59991cd8eae0_0, 0, 1;
    %pushi/vec4 0, 0, 32; draw_string_vec4
    %pushi/vec4 0, 0, 32; draw_string_vec4
    %concat/vec4; draw_string_vec4
    %pushi/vec4 12593, 0, 32; draw_string_vec4
    %concat/vec4; draw_string_vec4
    %pushi/vec4 2021161018, 0, 32; draw_string_vec4
    %concat/vec4; draw_string_vec4
    %pushi/vec4 541474163, 0, 32; draw_string_vec4
    %concat/vec4; draw_string_vec4
    %pushi/vec4 1751916609, 0, 32; draw_string_vec4
    %concat/vec4; draw_string_vec4
    %store/vec4 v0x59991cd8eb80_0, 0, 192;
    %fork TD_alu_4bit_tb.run_and_check, S_0x59991cd8e740;
    %join;
    %ix/getv/s 4, v0x59991cd8f2a0_0;
    %load/vec4a v0x59991cd8f6b0, 4;
    %store/vec4 v0x59991cd8e920_0, 0, 4;
    %ix/getv/s 4, v0x59991cd8f2a0_0;
    %load/vec4a v0x59991cd8f770, 4;
    %store/vec4 v0x59991cd8ea00_0, 0, 4;
    %pushi/vec4 14, 0, 4;
    %store/vec4 v0x59991cd8ec60_0, 0, 4;
    %pushi/vec4 0, 0, 1;
    %store/vec4 v0x59991cd8eae0_0, 0, 1;
    %pushi/vec4 0, 0, 32; draw_string_vec4
    %pushi/vec4 0, 0, 32; draw_string_vec4
    %concat/vec4; draw_string_vec4
    %pushi/vec4 12593, 0, 32; draw_string_vec4
    %concat/vec4; draw_string_vec4
    %pushi/vec4 2021161018, 0, 32; draw_string_vec4
    %concat/vec4; draw_string_vec4
    %pushi/vec4 541474163, 0, 32; draw_string_vec4
    %concat/vec4; draw_string_vec4
    %pushi/vec4 1751916609, 0, 32; draw_string_vec4
    %concat/vec4; draw_string_vec4
    %store/vec4 v0x59991cd8eb80_0, 0, 192;
    %fork TD_alu_4bit_tb.run_and_check, S_0x59991cd8e740;
    %join;
    %ix/getv/s 4, v0x59991cd8f2a0_0;
    %load/vec4a v0x59991cd8f6b0, 4;
    %store/vec4 v0x59991cd8e920_0, 0, 4;
    %ix/getv/s 4, v0x59991cd8f2a0_0;
    %load/vec4a v0x59991cd8f770, 4;
    %store/vec4 v0x59991cd8ea00_0, 0, 4;
    %pushi/vec4 15, 0, 4;
    %store/vec4 v0x59991cd8ec60_0, 0, 4;
    %pushi/vec4 1, 0, 1;
    %store/vec4 v0x59991cd8eae0_0, 0, 1;
    %pushi/vec4 0, 0, 32; draw_string_vec4
    %pushi/vec4 0, 0, 32; draw_string_vec4
    %concat/vec4; draw_string_vec4
    %pushi/vec4 12593, 0, 32; draw_string_vec4
    %concat/vec4; draw_string_vec4
    %pushi/vec4 2021161018, 0, 32; draw_string_vec4
    %concat/vec4; draw_string_vec4
    %pushi/vec4 541474163, 0, 32; draw_string_vec4
    %concat/vec4; draw_string_vec4
    %pushi/vec4 1751916609, 0, 32; draw_string_vec4
    %concat/vec4; draw_string_vec4
    %store/vec4 v0x59991cd8eb80_0, 0, 192;
    %fork TD_alu_4bit_tb.run_and_check, S_0x59991cd8e740;
    %join;
    %load/vec4 v0x59991cd8f2a0_0;
    %addi 1, 0, 32;
    %store/vec4 v0x59991cd8f2a0_0, 0, 32;
    %jmp T_3.4;
T_3.5 ;
    %vpi_call/w 3 83 "$display", "\012Total: %0d, Passed: %0d, Failed: %0d", v0x59991cd8f5f0_0, v0x59991cd8f380_0, v0x59991cd8f200_0 {0 0 0};
    %load/vec4 v0x59991cd8f200_0;
    %cmpi/e 0, 0, 32;
    %jmp/0xz  T_3.6, 4;
    %vpi_call/w 3 85 "$display", "ALU matches the provided table." {0 0 0};
    %jmp T_3.7;
T_3.6 ;
    %vpi_call/w 3 87 "$display", "ALU does NOT exactly match the provided table." {0 0 0};
T_3.7 ;
    %vpi_call/w 3 89 "$finish" {0 0 0};
    %end;
    .thread T_3;
# The file index is used to find the file name in the following table.
:file_names 5;
    "N/A";
    "<interactive>";
    "-";
    "alu_4bit_tb.v";
    "alu_4bit.v";
